2022-09-08 23:45:35.579 INFO  com.hosea.wiki.WikiApplication                    :55   [32m                  [0;39m Starting WikiApplication using Java 1.8.0_231 on DESKTOP-UFTGTM0 with PID 83440 (E:\javaProject\wiki\wiki\target\classes started by heliu in E:\javaProject\wiki\wiki)
2022-09-08 23:45:35.582 INFO  com.hosea.wiki.WikiApplication                    :634  [32m                  [0;39m No active profile set, falling back to 1 default profile: "default"
2022-09-08 23:45:36.104 INFO  o.s.boot.web.embedded.tomcat.TomcatWebServer      :108  [32m                  [0;39m Tomcat initialized with port(s): 8801 (http)
2022-09-08 23:45:36.105 INFO  org.apache.catalina.core.AprLifecycleListener     :173  [32m                  [0;39m An older version [1.2.23] of the Apache Tomcat Native library is installed, while Tomcat recommends a minimum version of [1.2.30]
2022-09-08 23:45:36.129 INFO  org.apache.catalina.core.AprLifecycleListener     :173  [32m                  [0;39m Loaded Apache Tomcat Native library [1.2.23] using APR version [1.7.0].
2022-09-08 23:45:36.129 INFO  org.apache.catalina.core.AprLifecycleListener     :173  [32m                  [0;39m APR capabilities: IPv6 [true], sendfile [true], accept filters [false], random [true], UDS [false].
2022-09-08 23:45:36.129 INFO  org.apache.catalina.core.AprLifecycleListener     :173  [32m                  [0;39m APR/OpenSSL configuration: useAprConnector [false], useOpenSSL [true]
2022-09-08 23:45:36.132 INFO  org.apache.catalina.core.AprLifecycleListener     :173  [32m                  [0;39m OpenSSL successfully initialized [OpenSSL 1.1.1c  28 May 2019]
2022-09-08 23:45:36.137 INFO  org.apache.coyote.http11.Http11NioProtocol        :173  [32m                  [0;39m Initializing ProtocolHandler ["http-nio-8801"]
2022-09-08 23:45:36.137 INFO  org.apache.catalina.core.StandardService          :173  [32m                  [0;39m Starting service [Tomcat]
2022-09-08 23:45:36.137 INFO  org.apache.catalina.core.StandardEngine           :173  [32m                  [0;39m Starting Servlet engine: [Apache Tomcat/9.0.65]
2022-09-08 23:45:36.244 INFO  o.a.c.core.ContainerBase.[Tomcat].[localhost].[/] :173  [32m                  [0;39m Initializing Spring embedded WebApplicationContext
2022-09-08 23:45:36.244 INFO  o.s.b.w.s.c.ServletWebServerApplicationContext    :292  [32m                  [0;39m Root WebApplicationContext: initialization completed in 633 ms
2022-09-08 23:45:36.426 INFO  org.apache.coyote.http11.Http11NioProtocol        :173  [32m                  [0;39m Starting ProtocolHandler ["http-nio-8801"]
2022-09-08 23:45:36.437 INFO  o.s.boot.web.embedded.tomcat.TomcatWebServer      :220  [32m                  [0;39m Tomcat started on port(s): 8801 (http) with context path ''
2022-09-08 23:45:36.444 INFO  com.hosea.wiki.WikiApplication                    :61   [32m                  [0;39m Started WikiApplication in 1.2 seconds (JVM running for 2.082)
2022-09-08 23:45:36.446 INFO  com.hosea.wiki.WikiApplication                    :17   [32m                  [0;39m 启动成功
2022-09-08 23:45:36.447 INFO  com.hosea.wiki.WikiApplication                    :18   [32m                  [0;39m 地址:	http://127.0.0.1:8801
2022-09-08 23:45:40.299 INFO  o.a.c.core.ContainerBase.[Tomcat].[localhost].[/] :173  [32m                  [0;39m Initializing Spring DispatcherServlet 'dispatcherServlet'
2022-09-08 23:45:40.300 INFO  org.springframework.web.servlet.DispatcherServlet :525  [32m                  [0;39m Initializing Servlet 'dispatcherServlet'
2022-09-08 23:45:40.301 INFO  org.springframework.web.servlet.DispatcherServlet :547  [32m                  [0;39m Completed initialization in 1 ms
