2022-09-10 19:49:36.629 INFO  com.hosea.wiki.WikiApplication                    :55   [32m                  [0;39m Starting WikiApplication using Java 1.8.0_231 on DESKTOP-UFTGTM0 with PID 1792 (E:\javaProject\wiki\wiki\target\classes started by heliu in E:\javaProject\wiki\wiki)
2022-09-10 19:49:36.632 INFO  com.hosea.wiki.WikiApplication                    :634  [32m                  [0;39m No active profile set, falling back to 1 default profile: "default"
2022-09-10 19:49:36.681 INFO  o.s.b.d.env.DevToolsPropertyDefaultsPostProcessor :255  [32m                  [0;39m Devtools property defaults active! Set 'spring.devtools.add-properties' to 'false' to disable
2022-09-10 19:49:36.681 INFO  o.s.b.d.env.DevToolsPropertyDefaultsPostProcessor :255  [32m                  [0;39m For additional web related logging consider setting the 'logging.level.web' property to 'DEBUG'
2022-09-10 19:49:37.641 INFO  o.s.boot.web.embedded.tomcat.TomcatWebServer      :108  [32m                  [0;39m Tomcat initialized with port(s): 8801 (http)
2022-09-10 19:49:37.642 INFO  org.apache.catalina.core.AprLifecycleListener     :173  [32m                  [0;39m An older version [1.2.23] of the Apache Tomcat Native library is installed, while Tomcat recommends a minimum version of [1.2.30]
2022-09-10 19:49:37.642 INFO  org.apache.catalina.core.AprLifecycleListener     :173  [32m                  [0;39m Loaded Apache Tomcat Native library [1.2.23] using APR version [1.7.0].
2022-09-10 19:49:37.642 INFO  org.apache.catalina.core.AprLifecycleListener     :173  [32m                  [0;39m APR capabilities: IPv6 [true], sendfile [true], accept filters [false], random [true], UDS [false].
2022-09-10 19:49:37.642 INFO  org.apache.catalina.core.AprLifecycleListener     :173  [32m                  [0;39m APR/OpenSSL configuration: useAprConnector [false], useOpenSSL [true]
2022-09-10 19:49:37.654 INFO  org.apache.catalina.core.AprLifecycleListener     :173  [32m                  [0;39m OpenSSL successfully initialized [OpenSSL 1.1.1c  28 May 2019]
2022-09-10 19:49:37.660 INFO  org.apache.coyote.http11.Http11NioProtocol        :173  [32m                  [0;39m Initializing ProtocolHandler ["http-nio-8801"]
2022-09-10 19:49:37.661 INFO  org.apache.catalina.core.StandardService          :173  [32m                  [0;39m Starting service [Tomcat]
2022-09-10 19:49:37.661 INFO  org.apache.catalina.core.StandardEngine           :173  [32m                  [0;39m Starting Servlet engine: [Apache Tomcat/9.0.65]
2022-09-10 19:49:37.759 INFO  o.a.c.core.ContainerBase.[Tomcat].[localhost].[/] :173  [32m                  [0;39m Initializing Spring embedded WebApplicationContext
2022-09-10 19:49:37.760 INFO  o.s.b.w.s.c.ServletWebServerApplicationContext    :292  [32m                  [0;39m Root WebApplicationContext: initialization completed in 1078 ms
2022-09-10 19:49:38.265 INFO  o.s.b.d.autoconfigure.OptionalLiveReloadServer    :59   [32m                  [0;39m LiveReload server is running on port 35729
2022-09-10 19:49:38.276 INFO  org.apache.coyote.http11.Http11NioProtocol        :173  [32m                  [0;39m Starting ProtocolHandler ["http-nio-8801"]
2022-09-10 19:49:38.288 INFO  o.s.boot.web.embedded.tomcat.TomcatWebServer      :220  [32m                  [0;39m Tomcat started on port(s): 8801 (http) with context path ''
2022-09-10 19:49:38.296 INFO  com.hosea.wiki.WikiApplication                    :61   [32m                  [0;39m Started WikiApplication in 2.073 seconds (JVM running for 3.131)
2022-09-10 19:49:38.298 INFO  com.hosea.wiki.WikiApplication                    :20   [32m                  [0;39m 启动成功
2022-09-10 19:49:38.298 INFO  com.hosea.wiki.WikiApplication                    :21   [32m                  [0;39m 地址:	http://127.0.0.1:8801
2022-09-10 22:23:16.070 INFO  o.a.c.core.ContainerBase.[Tomcat].[localhost].[/] :173  [32m                  [0;39m Initializing Spring DispatcherServlet 'dispatcherServlet'
2022-09-10 22:23:16.073 INFO  org.springframework.web.servlet.DispatcherServlet :525  [32m                  [0;39m Initializing Servlet 'dispatcherServlet'
2022-09-10 22:23:16.082 INFO  org.springframework.web.servlet.DispatcherServlet :547  [32m                  [0;39m Completed initialization in 9 ms
2022-09-10 22:23:16.176 INFO  com.zaxxer.hikari.HikariDataSource                :110  [32m                  [0;39m HikariPool-1 - Starting...
2022-09-10 22:23:17.582 INFO  com.zaxxer.hikari.HikariDataSource                :123  [32m                  [0;39m HikariPool-1 - Start completed.
2022-09-10 22:24:56.311 INFO  o.s.b.d.a.LocalDevToolsAutoConfiguration$RestartingClassPathChangeChangedEventListener:213  [32m                  [0;39m Restarting due to 1 class path change (1 addition, 0 deletions, 0 modifications)
2022-09-10 22:24:56.667 INFO  org.apache.coyote.http11.Http11NioProtocol        :173  [32m                  [0;39m Pausing ProtocolHandler ["http-nio-8801"]
2022-09-10 22:24:56.667 INFO  org.apache.catalina.core.StandardService          :173  [32m                  [0;39m Stopping service [Tomcat]
2022-09-10 22:24:56.668 INFO  o.a.c.core.ContainerBase.[Tomcat].[localhost].[/] :173  [32m                  [0;39m Destroying Spring FrameworkServlet 'dispatcherServlet'
2022-09-10 22:24:56.672 WARN  org.apache.catalina.loader.WebappClassLoaderBase  :173  [32m                  [0;39m The web application [ROOT] appears to have started a thread named [HikariPool-1 housekeeper] but has failed to stop it. This is very likely to create a memory leak. Stack trace of thread:
 sun.misc.Unsafe.park(Native Method)
 java.util.concurrent.locks.LockSupport.parkNanos(LockSupport.java:215)
 java.util.concurrent.locks.AbstractQueuedSynchronizer$ConditionObject.awaitNanos(AbstractQueuedSynchronizer.java:2078)
 java.util.concurrent.ScheduledThreadPoolExecutor$DelayedWorkQueue.take(ScheduledThreadPoolExecutor.java:1093)
 java.util.concurrent.ScheduledThreadPoolExecutor$DelayedWorkQueue.take(ScheduledThreadPoolExecutor.java:809)
 java.util.concurrent.ThreadPoolExecutor.getTask(ThreadPoolExecutor.java:1074)
 java.util.concurrent.ThreadPoolExecutor.runWorker(ThreadPoolExecutor.java:1134)
 java.util.concurrent.ThreadPoolExecutor$Worker.run(ThreadPoolExecutor.java:624)
 java.lang.Thread.run(Thread.java:748)
2022-09-10 22:24:56.673 INFO  org.apache.coyote.http11.Http11NioProtocol        :173  [32m                  [0;39m Stopping ProtocolHandler ["http-nio-8801"]
2022-09-10 22:24:56.675 INFO  org.apache.coyote.http11.Http11NioProtocol        :173  [32m                  [0;39m Destroying ProtocolHandler ["http-nio-8801"]
2022-09-10 22:24:56.680 INFO  com.zaxxer.hikari.HikariDataSource                :350  [32m                  [0;39m HikariPool-1 - Shutdown initiated...
2022-09-10 22:24:56.686 INFO  com.zaxxer.hikari.HikariDataSource                :352  [32m                  [0;39m HikariPool-1 - Shutdown completed.
2022-09-10 22:24:56.817 INFO  com.hosea.wiki.WikiApplication                    :55   [32m                  [0;39m Starting WikiApplication using Java 1.8.0_231 on DESKTOP-UFTGTM0 with PID 1792 (E:\javaProject\wiki\wiki\target\classes started by heliu in E:\javaProject\wiki\wiki)
2022-09-10 22:24:56.817 INFO  com.hosea.wiki.WikiApplication                    :634  [32m                  [0;39m No active profile set, falling back to 1 default profile: "default"
2022-09-10 22:24:57.048 INFO  o.s.boot.web.embedded.tomcat.TomcatWebServer      :108  [32m                  [0;39m Tomcat initialized with port(s): 8801 (http)
2022-09-10 22:24:57.048 INFO  org.apache.catalina.core.AprLifecycleListener     :173  [32m                  [0;39m An older version [1.2.23] of the Apache Tomcat Native library is installed, while Tomcat recommends a minimum version of [1.2.30]
2022-09-10 22:24:57.048 INFO  org.apache.catalina.core.AprLifecycleListener     :173  [32m                  [0;39m Loaded Apache Tomcat Native library [1.2.23] using APR version [1.7.0].
2022-09-10 22:24:57.048 INFO  org.apache.catalina.core.AprLifecycleListener     :173  [32m                  [0;39m APR capabilities: IPv6 [true], sendfile [true], accept filters [false], random [true], UDS [false].
2022-09-10 22:24:57.048 INFO  org.apache.catalina.core.AprLifecycleListener     :173  [32m                  [0;39m APR/OpenSSL configuration: useAprConnector [false], useOpenSSL [true]
2022-09-10 22:24:57.049 INFO  org.apache.catalina.core.AprLifecycleListener     :173  [32m                  [0;39m OpenSSL successfully initialized [OpenSSL 1.1.1c  28 May 2019]
2022-09-10 22:24:57.049 INFO  org.apache.coyote.http11.Http11NioProtocol        :173  [32m                  [0;39m Initializing ProtocolHandler ["http-nio-8801"]
2022-09-10 22:24:57.049 INFO  org.apache.catalina.core.StandardService          :173  [32m                  [0;39m Starting service [Tomcat]
2022-09-10 22:24:57.049 INFO  org.apache.catalina.core.StandardEngine           :173  [32m                  [0;39m Starting Servlet engine: [Apache Tomcat/9.0.65]
2022-09-10 22:24:57.077 INFO  o.a.c.core.ContainerBase.[Tomcat].[localhost].[/] :173  [32m                  [0;39m Initializing Spring embedded WebApplicationContext
2022-09-10 22:24:57.077 INFO  o.s.b.w.s.c.ServletWebServerApplicationContext    :292  [32m                  [0;39m Root WebApplicationContext: initialization completed in 257 ms
2022-09-10 22:24:57.181 INFO  o.s.b.d.autoconfigure.OptionalLiveReloadServer    :59   [32m                  [0;39m LiveReload server is running on port 35729
2022-09-10 22:24:57.187 INFO  org.apache.coyote.http11.Http11NioProtocol        :173  [32m                  [0;39m Starting ProtocolHandler ["http-nio-8801"]
2022-09-10 22:24:57.189 INFO  o.s.boot.web.embedded.tomcat.TomcatWebServer      :220  [32m                  [0;39m Tomcat started on port(s): 8801 (http) with context path ''
2022-09-10 22:24:57.192 INFO  com.hosea.wiki.WikiApplication                    :61   [32m                  [0;39m Started WikiApplication in 0.411 seconds (JVM running for 9322.026)
2022-09-10 22:24:57.193 INFO  o.s.b.d.a.ConditionEvaluationDeltaLoggingListener :63   [32m                  [0;39m Condition evaluation unchanged
2022-09-10 22:24:57.193 INFO  com.hosea.wiki.WikiApplication                    :20   [32m                  [0;39m 启动成功
2022-09-10 22:24:57.193 INFO  com.hosea.wiki.WikiApplication                    :21   [32m                  [0;39m 地址:	http://127.0.0.1:8801
2022-09-10 22:25:14.671 INFO  com.hosea.wiki.WikiApplication                    :55   [32m                  [0;39m Starting WikiApplication using Java 1.8.0_231 on DESKTOP-UFTGTM0 with PID 24612 (E:\javaProject\wiki\wiki\target\classes started by heliu in E:\javaProject\wiki\wiki)
2022-09-10 22:25:14.672 INFO  com.hosea.wiki.WikiApplication                    :634  [32m                  [0;39m No active profile set, falling back to 1 default profile: "default"
2022-09-10 22:25:14.707 INFO  o.s.b.d.env.DevToolsPropertyDefaultsPostProcessor :255  [32m                  [0;39m Devtools property defaults active! Set 'spring.devtools.add-properties' to 'false' to disable
2022-09-10 22:25:14.707 INFO  o.s.b.d.env.DevToolsPropertyDefaultsPostProcessor :255  [32m                  [0;39m For additional web related logging consider setting the 'logging.level.web' property to 'DEBUG'
2022-09-10 22:25:15.427 INFO  o.s.boot.web.embedded.tomcat.TomcatWebServer      :108  [32m                  [0;39m Tomcat initialized with port(s): 8801 (http)
2022-09-10 22:25:15.428 INFO  org.apache.catalina.core.AprLifecycleListener     :173  [32m                  [0;39m An older version [1.2.23] of the Apache Tomcat Native library is installed, while Tomcat recommends a minimum version of [1.2.30]
2022-09-10 22:25:15.428 INFO  org.apache.catalina.core.AprLifecycleListener     :173  [32m                  [0;39m Loaded Apache Tomcat Native library [1.2.23] using APR version [1.7.0].
2022-09-10 22:25:15.429 INFO  org.apache.catalina.core.AprLifecycleListener     :173  [32m                  [0;39m APR capabilities: IPv6 [true], sendfile [true], accept filters [false], random [true], UDS [false].
2022-09-10 22:25:15.429 INFO  org.apache.catalina.core.AprLifecycleListener     :173  [32m                  [0;39m APR/OpenSSL configuration: useAprConnector [false], useOpenSSL [true]
2022-09-10 22:25:15.431 INFO  org.apache.catalina.core.AprLifecycleListener     :173  [32m                  [0;39m OpenSSL successfully initialized [OpenSSL 1.1.1c  28 May 2019]
2022-09-10 22:25:15.437 INFO  org.apache.coyote.http11.Http11NioProtocol        :173  [32m                  [0;39m Initializing ProtocolHandler ["http-nio-8801"]
2022-09-10 22:25:15.437 INFO  org.apache.catalina.core.StandardService          :173  [32m                  [0;39m Starting service [Tomcat]
2022-09-10 22:25:15.437 INFO  org.apache.catalina.core.StandardEngine           :173  [32m                  [0;39m Starting Servlet engine: [Apache Tomcat/9.0.65]
2022-09-10 22:25:15.528 INFO  o.a.c.core.ContainerBase.[Tomcat].[localhost].[/] :173  [32m                  [0;39m Initializing Spring embedded WebApplicationContext
2022-09-10 22:25:15.528 INFO  o.s.b.w.s.c.ServletWebServerApplicationContext    :292  [32m                  [0;39m Root WebApplicationContext: initialization completed in 820 ms
2022-09-10 22:25:15.974 INFO  o.s.b.d.autoconfigure.OptionalLiveReloadServer    :59   [32m                  [0;39m LiveReload server is running on port 35729
2022-09-10 22:25:15.986 INFO  org.apache.coyote.http11.Http11NioProtocol        :173  [32m                  [0;39m Starting ProtocolHandler ["http-nio-8801"]
2022-09-10 22:25:15.997 INFO  o.s.boot.web.embedded.tomcat.TomcatWebServer      :220  [32m                  [0;39m Tomcat started on port(s): 8801 (http) with context path ''
2022-09-10 22:25:16.005 INFO  com.hosea.wiki.WikiApplication                    :61   [32m                  [0;39m Started WikiApplication in 1.628 seconds (JVM running for 2.639)
2022-09-10 22:25:16.007 INFO  com.hosea.wiki.WikiApplication                    :20   [32m                  [0;39m 启动成功
2022-09-10 22:25:16.007 INFO  com.hosea.wiki.WikiApplication                    :21   [32m                  [0;39m 地址:	http://127.0.0.1:8801
2022-09-10 22:25:19.316 INFO  o.a.c.core.ContainerBase.[Tomcat].[localhost].[/] :173  [32m                  [0;39m Initializing Spring DispatcherServlet 'dispatcherServlet'
2022-09-10 22:25:19.317 INFO  org.springframework.web.servlet.DispatcherServlet :525  [32m                  [0;39m Initializing Servlet 'dispatcherServlet'
2022-09-10 22:25:19.318 INFO  org.springframework.web.servlet.DispatcherServlet :547  [32m                  [0;39m Completed initialization in 1 ms
2022-09-10 22:25:19.356 INFO  com.zaxxer.hikari.HikariDataSource                :110  [32m                  [0;39m HikariPool-1 - Starting...
2022-09-10 22:25:20.468 INFO  com.zaxxer.hikari.HikariDataSource                :123  [32m                  [0;39m HikariPool-1 - Start completed.
2022-09-10 22:26:01.656 INFO  o.s.b.d.a.LocalDevToolsAutoConfiguration$RestartingClassPathChangeChangedEventListener:213  [32m                  [0;39m Restarting due to 1 class path change (0 additions, 1 deletion, 0 modifications)
2022-09-10 22:26:02.029 INFO  org.apache.coyote.http11.Http11NioProtocol        :173  [32m                  [0;39m Pausing ProtocolHandler ["http-nio-8801"]
2022-09-10 22:26:02.029 INFO  org.apache.catalina.core.StandardService          :173  [32m                  [0;39m Stopping service [Tomcat]
2022-09-10 22:26:02.030 INFO  o.a.c.core.ContainerBase.[Tomcat].[localhost].[/] :173  [32m                  [0;39m Destroying Spring FrameworkServlet 'dispatcherServlet'
2022-09-10 22:26:02.033 WARN  org.apache.catalina.loader.WebappClassLoaderBase  :173  [32m                  [0;39m The web application [ROOT] appears to have started a thread named [HikariPool-1 housekeeper] but has failed to stop it. This is very likely to create a memory leak. Stack trace of thread:
 sun.misc.Unsafe.park(Native Method)
 java.util.concurrent.locks.LockSupport.parkNanos(LockSupport.java:215)
 java.util.concurrent.locks.AbstractQueuedSynchronizer$ConditionObject.awaitNanos(AbstractQueuedSynchronizer.java:2078)
 java.util.concurrent.ScheduledThreadPoolExecutor$DelayedWorkQueue.take(ScheduledThreadPoolExecutor.java:1093)
 java.util.concurrent.ScheduledThreadPoolExecutor$DelayedWorkQueue.take(ScheduledThreadPoolExecutor.java:809)
 java.util.concurrent.ThreadPoolExecutor.getTask(ThreadPoolExecutor.java:1074)
 java.util.concurrent.ThreadPoolExecutor.runWorker(ThreadPoolExecutor.java:1134)
 java.util.concurrent.ThreadPoolExecutor$Worker.run(ThreadPoolExecutor.java:624)
 java.lang.Thread.run(Thread.java:748)
2022-09-10 22:26:02.034 INFO  org.apache.coyote.http11.Http11NioProtocol        :173  [32m                  [0;39m Stopping ProtocolHandler ["http-nio-8801"]
2022-09-10 22:26:02.035 INFO  org.apache.coyote.http11.Http11NioProtocol        :173  [32m                  [0;39m Destroying ProtocolHandler ["http-nio-8801"]
2022-09-10 22:26:02.038 INFO  com.zaxxer.hikari.HikariDataSource                :350  [32m                  [0;39m HikariPool-1 - Shutdown initiated...
2022-09-10 22:26:02.045 INFO  com.zaxxer.hikari.HikariDataSource                :352  [32m                  [0;39m HikariPool-1 - Shutdown completed.
2022-09-10 22:26:02.178 INFO  com.hosea.wiki.WikiApplication                    :55   [32m                  [0;39m Starting WikiApplication using Java 1.8.0_231 on DESKTOP-UFTGTM0 with PID 24612 (E:\javaProject\wiki\wiki\target\classes started by heliu in E:\javaProject\wiki\wiki)
2022-09-10 22:26:02.179 INFO  com.hosea.wiki.WikiApplication                    :634  [32m                  [0;39m No active profile set, falling back to 1 default profile: "default"
2022-09-10 22:26:02.381 INFO  o.s.boot.web.embedded.tomcat.TomcatWebServer      :108  [32m                  [0;39m Tomcat initialized with port(s): 8801 (http)
2022-09-10 22:26:02.382 INFO  org.apache.catalina.core.AprLifecycleListener     :173  [32m                  [0;39m An older version [1.2.23] of the Apache Tomcat Native library is installed, while Tomcat recommends a minimum version of [1.2.30]
2022-09-10 22:26:02.382 INFO  org.apache.catalina.core.AprLifecycleListener     :173  [32m                  [0;39m Loaded Apache Tomcat Native library [1.2.23] using APR version [1.7.0].
2022-09-10 22:26:02.382 INFO  org.apache.catalina.core.AprLifecycleListener     :173  [32m                  [0;39m APR capabilities: IPv6 [true], sendfile [true], accept filters [false], random [true], UDS [false].
2022-09-10 22:26:02.382 INFO  org.apache.catalina.core.AprLifecycleListener     :173  [32m                  [0;39m APR/OpenSSL configuration: useAprConnector [false], useOpenSSL [true]
2022-09-10 22:26:02.382 INFO  org.apache.catalina.core.AprLifecycleListener     :173  [32m                  [0;39m OpenSSL successfully initialized [OpenSSL 1.1.1c  28 May 2019]
2022-09-10 22:26:02.383 INFO  org.apache.coyote.http11.Http11NioProtocol        :173  [32m                  [0;39m Initializing ProtocolHandler ["http-nio-8801"]
2022-09-10 22:26:02.383 INFO  org.apache.catalina.core.StandardService          :173  [32m                  [0;39m Starting service [Tomcat]
2022-09-10 22:26:02.383 INFO  org.apache.catalina.core.StandardEngine           :173  [32m                  [0;39m Starting Servlet engine: [Apache Tomcat/9.0.65]
2022-09-10 22:26:02.412 INFO  o.a.c.core.ContainerBase.[Tomcat].[localhost].[/] :173  [32m                  [0;39m Initializing Spring embedded WebApplicationContext
2022-09-10 22:26:02.412 INFO  o.s.b.w.s.c.ServletWebServerApplicationContext    :292  [32m                  [0;39m Root WebApplicationContext: initialization completed in 232 ms
2022-09-10 22:26:02.514 INFO  o.s.b.d.autoconfigure.OptionalLiveReloadServer    :59   [32m                  [0;39m LiveReload server is running on port 35729
2022-09-10 22:26:02.520 INFO  org.apache.coyote.http11.Http11NioProtocol        :173  [32m                  [0;39m Starting ProtocolHandler ["http-nio-8801"]
2022-09-10 22:26:02.522 INFO  o.s.boot.web.embedded.tomcat.TomcatWebServer      :220  [32m                  [0;39m Tomcat started on port(s): 8801 (http) with context path ''
2022-09-10 22:26:02.525 INFO  com.hosea.wiki.WikiApplication                    :61   [32m                  [0;39m Started WikiApplication in 0.373 seconds (JVM running for 49.159)
2022-09-10 22:26:02.526 INFO  o.s.b.d.a.ConditionEvaluationDeltaLoggingListener :63   [32m                  [0;39m Condition evaluation unchanged
2022-09-10 22:26:02.527 INFO  com.hosea.wiki.WikiApplication                    :20   [32m                  [0;39m 启动成功
2022-09-10 22:26:02.527 INFO  com.hosea.wiki.WikiApplication                    :21   [32m                  [0;39m 地址:	http://127.0.0.1:8801
2022-09-10 22:26:07.209 INFO  com.hosea.wiki.WikiApplication                    :55   [32m                  [0;39m Starting WikiApplication using Java 1.8.0_231 on DESKTOP-UFTGTM0 with PID 23948 (E:\javaProject\wiki\wiki\target\classes started by heliu in E:\javaProject\wiki\wiki)
2022-09-10 22:26:07.210 INFO  com.hosea.wiki.WikiApplication                    :634  [32m                  [0;39m No active profile set, falling back to 1 default profile: "default"
2022-09-10 22:26:07.246 INFO  o.s.b.d.env.DevToolsPropertyDefaultsPostProcessor :255  [32m                  [0;39m Devtools property defaults active! Set 'spring.devtools.add-properties' to 'false' to disable
2022-09-10 22:26:07.246 INFO  o.s.b.d.env.DevToolsPropertyDefaultsPostProcessor :255  [32m                  [0;39m For additional web related logging consider setting the 'logging.level.web' property to 'DEBUG'
2022-09-10 22:26:07.945 INFO  o.s.boot.web.embedded.tomcat.TomcatWebServer      :108  [32m                  [0;39m Tomcat initialized with port(s): 8801 (http)
2022-09-10 22:26:07.946 INFO  org.apache.catalina.core.AprLifecycleListener     :173  [32m                  [0;39m An older version [1.2.23] of the Apache Tomcat Native library is installed, while Tomcat recommends a minimum version of [1.2.30]
2022-09-10 22:26:07.946 INFO  org.apache.catalina.core.AprLifecycleListener     :173  [32m                  [0;39m Loaded Apache Tomcat Native library [1.2.23] using APR version [1.7.0].
2022-09-10 22:26:07.946 INFO  org.apache.catalina.core.AprLifecycleListener     :173  [32m                  [0;39m APR capabilities: IPv6 [true], sendfile [true], accept filters [false], random [true], UDS [false].
2022-09-10 22:26:07.946 INFO  org.apache.catalina.core.AprLifecycleListener     :173  [32m                  [0;39m APR/OpenSSL configuration: useAprConnector [false], useOpenSSL [true]
2022-09-10 22:26:07.948 INFO  org.apache.catalina.core.AprLifecycleListener     :173  [32m                  [0;39m OpenSSL successfully initialized [OpenSSL 1.1.1c  28 May 2019]
2022-09-10 22:26:07.954 INFO  org.apache.coyote.http11.Http11NioProtocol        :173  [32m                  [0;39m Initializing ProtocolHandler ["http-nio-8801"]
2022-09-10 22:26:07.955 INFO  org.apache.catalina.core.StandardService          :173  [32m                  [0;39m Starting service [Tomcat]
2022-09-10 22:26:07.955 INFO  org.apache.catalina.core.StandardEngine           :173  [32m                  [0;39m Starting Servlet engine: [Apache Tomcat/9.0.65]
2022-09-10 22:26:08.045 INFO  o.a.c.core.ContainerBase.[Tomcat].[localhost].[/] :173  [32m                  [0;39m Initializing Spring embedded WebApplicationContext
2022-09-10 22:26:08.045 INFO  o.s.b.w.s.c.ServletWebServerApplicationContext    :292  [32m                  [0;39m Root WebApplicationContext: initialization completed in 799 ms
2022-09-10 22:26:08.515 INFO  o.s.b.d.autoconfigure.OptionalLiveReloadServer    :59   [32m                  [0;39m LiveReload server is running on port 35729
2022-09-10 22:26:08.526 INFO  org.apache.coyote.http11.Http11NioProtocol        :173  [32m                  [0;39m Starting ProtocolHandler ["http-nio-8801"]
2022-09-10 22:26:08.538 INFO  o.s.boot.web.embedded.tomcat.TomcatWebServer      :220  [32m                  [0;39m Tomcat started on port(s): 8801 (http) with context path ''
2022-09-10 22:26:08.547 INFO  com.hosea.wiki.WikiApplication                    :61   [32m                  [0;39m Started WikiApplication in 1.621 seconds (JVM running for 2.602)
2022-09-10 22:26:08.549 INFO  com.hosea.wiki.WikiApplication                    :20   [32m                  [0;39m 启动成功
2022-09-10 22:26:08.549 INFO  com.hosea.wiki.WikiApplication                    :21   [32m                  [0;39m 地址:	http://127.0.0.1:8801
2022-09-10 22:26:11.546 INFO  o.a.c.core.ContainerBase.[Tomcat].[localhost].[/] :173  [32m                  [0;39m Initializing Spring DispatcherServlet 'dispatcherServlet'
2022-09-10 22:26:11.547 INFO  org.springframework.web.servlet.DispatcherServlet :525  [32m                  [0;39m Initializing Servlet 'dispatcherServlet'
2022-09-10 22:26:11.548 INFO  org.springframework.web.servlet.DispatcherServlet :547  [32m                  [0;39m Completed initialization in 1 ms
2022-09-10 22:26:11.583 INFO  com.zaxxer.hikari.HikariDataSource                :110  [32m                  [0;39m HikariPool-1 - Starting...
2022-09-10 22:26:12.726 INFO  com.zaxxer.hikari.HikariDataSource                :123  [32m                  [0;39m HikariPool-1 - Start completed.
2022-09-10 22:27:06.851 INFO  com.zaxxer.hikari.HikariDataSource                :350  [32m                  [0;39m HikariPool-1 - Shutdown initiated...
2022-09-10 22:27:06.857 INFO  com.zaxxer.hikari.HikariDataSource                :352  [32m                  [0;39m HikariPool-1 - Shutdown completed.
2022-09-10 22:27:10.148 INFO  com.hosea.wiki.WikiApplication                    :55   [32m                  [0;39m Starting WikiApplication using Java 1.8.0_231 on DESKTOP-UFTGTM0 with PID 21216 (E:\javaProject\wiki\wiki\target\classes started by heliu in E:\javaProject\wiki\wiki)
2022-09-10 22:27:10.150 INFO  com.hosea.wiki.WikiApplication                    :634  [32m                  [0;39m No active profile set, falling back to 1 default profile: "default"
2022-09-10 22:27:10.181 INFO  o.s.b.d.env.DevToolsPropertyDefaultsPostProcessor :255  [32m                  [0;39m Devtools property defaults active! Set 'spring.devtools.add-properties' to 'false' to disable
2022-09-10 22:27:10.181 INFO  o.s.b.d.env.DevToolsPropertyDefaultsPostProcessor :255  [32m                  [0;39m For additional web related logging consider setting the 'logging.level.web' property to 'DEBUG'
2022-09-10 22:27:10.865 INFO  o.s.boot.web.embedded.tomcat.TomcatWebServer      :108  [32m                  [0;39m Tomcat initialized with port(s): 8801 (http)
2022-09-10 22:27:10.866 INFO  org.apache.catalina.core.AprLifecycleListener     :173  [32m                  [0;39m An older version [1.2.23] of the Apache Tomcat Native library is installed, while Tomcat recommends a minimum version of [1.2.30]
2022-09-10 22:27:10.866 INFO  org.apache.catalina.core.AprLifecycleListener     :173  [32m                  [0;39m Loaded Apache Tomcat Native library [1.2.23] using APR version [1.7.0].
2022-09-10 22:27:10.866 INFO  org.apache.catalina.core.AprLifecycleListener     :173  [32m                  [0;39m APR capabilities: IPv6 [true], sendfile [true], accept filters [false], random [true], UDS [false].
2022-09-10 22:27:10.866 INFO  org.apache.catalina.core.AprLifecycleListener     :173  [32m                  [0;39m APR/OpenSSL configuration: useAprConnector [false], useOpenSSL [true]
2022-09-10 22:27:10.869 INFO  org.apache.catalina.core.AprLifecycleListener     :173  [32m                  [0;39m OpenSSL successfully initialized [OpenSSL 1.1.1c  28 May 2019]
2022-09-10 22:27:10.874 INFO  org.apache.coyote.http11.Http11NioProtocol        :173  [32m                  [0;39m Initializing ProtocolHandler ["http-nio-8801"]
2022-09-10 22:27:10.874 INFO  org.apache.catalina.core.StandardService          :173  [32m                  [0;39m Starting service [Tomcat]
2022-09-10 22:27:10.874 INFO  org.apache.catalina.core.StandardEngine           :173  [32m                  [0;39m Starting Servlet engine: [Apache Tomcat/9.0.65]
2022-09-10 22:27:10.961 INFO  o.a.c.core.ContainerBase.[Tomcat].[localhost].[/] :173  [32m                  [0;39m Initializing Spring embedded WebApplicationContext
2022-09-10 22:27:10.962 INFO  o.s.b.w.s.c.ServletWebServerApplicationContext    :292  [32m                  [0;39m Root WebApplicationContext: initialization completed in 781 ms
2022-09-10 22:27:11.408 INFO  o.s.b.d.autoconfigure.OptionalLiveReloadServer    :59   [32m                  [0;39m LiveReload server is running on port 35729
2022-09-10 22:27:11.419 INFO  org.apache.coyote.http11.Http11NioProtocol        :173  [32m                  [0;39m Starting ProtocolHandler ["http-nio-8801"]
2022-09-10 22:27:11.431 INFO  o.s.boot.web.embedded.tomcat.TomcatWebServer      :220  [32m                  [0;39m Tomcat started on port(s): 8801 (http) with context path ''
2022-09-10 22:27:11.438 INFO  com.hosea.wiki.WikiApplication                    :61   [32m                  [0;39m Started WikiApplication in 1.582 seconds (JVM running for 2.53)
2022-09-10 22:27:11.440 INFO  com.hosea.wiki.WikiApplication                    :20   [32m                  [0;39m 启动成功
2022-09-10 22:27:11.441 INFO  com.hosea.wiki.WikiApplication                    :21   [32m                  [0;39m 地址:	http://127.0.0.1:8801
2022-09-10 22:27:15.890 INFO  o.a.c.core.ContainerBase.[Tomcat].[localhost].[/] :173  [32m                  [0;39m Initializing Spring DispatcherServlet 'dispatcherServlet'
2022-09-10 22:27:15.891 INFO  org.springframework.web.servlet.DispatcherServlet :525  [32m                  [0;39m Initializing Servlet 'dispatcherServlet'
2022-09-10 22:27:15.892 INFO  org.springframework.web.servlet.DispatcherServlet :547  [32m                  [0;39m Completed initialization in 1 ms
2022-09-10 22:27:15.928 INFO  com.zaxxer.hikari.HikariDataSource                :110  [32m                  [0;39m HikariPool-1 - Starting...
2022-09-10 22:27:17.029 INFO  com.zaxxer.hikari.HikariDataSource                :123  [32m                  [0;39m HikariPool-1 - Start completed.
2022-09-10 22:27:36.604 INFO  com.zaxxer.hikari.HikariDataSource                :350  [32m                  [0;39m HikariPool-1 - Shutdown initiated...
2022-09-10 22:27:36.610 INFO  com.zaxxer.hikari.HikariDataSource                :352  [32m                  [0;39m HikariPool-1 - Shutdown completed.
2022-09-10 22:27:41.935 INFO  com.hosea.wiki.WikiApplication                    :55   [32m                  [0;39m Starting WikiApplication using Java 1.8.0_231 on DESKTOP-UFTGTM0 with PID 22864 (E:\javaProject\wiki\wiki\target\classes started by heliu in E:\javaProject\wiki\wiki)
2022-09-10 22:27:41.937 INFO  com.hosea.wiki.WikiApplication                    :634  [32m                  [0;39m No active profile set, falling back to 1 default profile: "default"
2022-09-10 22:27:41.980 INFO  o.s.b.d.env.DevToolsPropertyDefaultsPostProcessor :255  [32m                  [0;39m Devtools property defaults active! Set 'spring.devtools.add-properties' to 'false' to disable
2022-09-10 22:27:41.981 INFO  o.s.b.d.env.DevToolsPropertyDefaultsPostProcessor :255  [32m                  [0;39m For additional web related logging consider setting the 'logging.level.web' property to 'DEBUG'
2022-09-10 22:27:42.743 INFO  o.s.boot.web.embedded.tomcat.TomcatWebServer      :108  [32m                  [0;39m Tomcat initialized with port(s): 8801 (http)
2022-09-10 22:27:42.745 INFO  org.apache.catalina.core.AprLifecycleListener     :173  [32m                  [0;39m An older version [1.2.23] of the Apache Tomcat Native library is installed, while Tomcat recommends a minimum version of [1.2.30]
2022-09-10 22:27:42.745 INFO  org.apache.catalina.core.AprLifecycleListener     :173  [32m                  [0;39m Loaded Apache Tomcat Native library [1.2.23] using APR version [1.7.0].
2022-09-10 22:27:42.745 INFO  org.apache.catalina.core.AprLifecycleListener     :173  [32m                  [0;39m APR capabilities: IPv6 [true], sendfile [true], accept filters [false], random [true], UDS [false].
2022-09-10 22:27:42.745 INFO  org.apache.catalina.core.AprLifecycleListener     :173  [32m                  [0;39m APR/OpenSSL configuration: useAprConnector [false], useOpenSSL [true]
2022-09-10 22:27:42.748 INFO  org.apache.catalina.core.AprLifecycleListener     :173  [32m                  [0;39m OpenSSL successfully initialized [OpenSSL 1.1.1c  28 May 2019]
2022-09-10 22:27:42.753 INFO  org.apache.coyote.http11.Http11NioProtocol        :173  [32m                  [0;39m Initializing ProtocolHandler ["http-nio-8801"]
2022-09-10 22:27:42.754 INFO  org.apache.catalina.core.StandardService          :173  [32m                  [0;39m Starting service [Tomcat]
2022-09-10 22:27:42.754 INFO  org.apache.catalina.core.StandardEngine           :173  [32m                  [0;39m Starting Servlet engine: [Apache Tomcat/9.0.65]
2022-09-10 22:27:42.845 INFO  o.a.c.core.ContainerBase.[Tomcat].[localhost].[/] :173  [32m                  [0;39m Initializing Spring embedded WebApplicationContext
2022-09-10 22:27:42.845 INFO  o.s.b.w.s.c.ServletWebServerApplicationContext    :292  [32m                  [0;39m Root WebApplicationContext: initialization completed in 864 ms
2022-09-10 22:27:43.294 INFO  o.s.b.d.autoconfigure.OptionalLiveReloadServer    :59   [32m                  [0;39m LiveReload server is running on port 35729
2022-09-10 22:27:43.307 INFO  org.apache.coyote.http11.Http11NioProtocol        :173  [32m                  [0;39m Starting ProtocolHandler ["http-nio-8801"]
2022-09-10 22:27:43.320 INFO  o.s.boot.web.embedded.tomcat.TomcatWebServer      :220  [32m                  [0;39m Tomcat started on port(s): 8801 (http) with context path ''
2022-09-10 22:27:43.331 INFO  com.hosea.wiki.WikiApplication                    :61   [32m                  [0;39m Started WikiApplication in 1.768 seconds (JVM running for 2.746)
2022-09-10 22:27:43.334 INFO  com.hosea.wiki.WikiApplication                    :20   [32m                  [0;39m 启动成功
2022-09-10 22:27:43.335 INFO  com.hosea.wiki.WikiApplication                    :21   [32m                  [0;39m 地址:	http://127.0.0.1:8801
2022-09-10 22:27:43.487 INFO  o.a.c.core.ContainerBase.[Tomcat].[localhost].[/] :173  [32m                  [0;39m Initializing Spring DispatcherServlet 'dispatcherServlet'
2022-09-10 22:27:43.487 INFO  org.springframework.web.servlet.DispatcherServlet :525  [32m                  [0;39m Initializing Servlet 'dispatcherServlet'
2022-09-10 22:27:43.488 INFO  org.springframework.web.servlet.DispatcherServlet :547  [32m                  [0;39m Completed initialization in 1 ms
2022-09-10 22:27:43.528 INFO  com.zaxxer.hikari.HikariDataSource                :110  [32m                  [0;39m HikariPool-1 - Starting...
2022-09-10 22:27:44.677 INFO  com.zaxxer.hikari.HikariDataSource                :123  [32m                  [0;39m HikariPool-1 - Start completed.
2022-09-10 22:36:46.161 WARN  com.zaxxer.hikari.pool.PoolBase                   :184  [32m                  [0;39m HikariPool-1 - Failed to validate connection com.mysql.cj.jdbc.ConnectionImpl@7b0bc395 (No operations allowed after connection closed.). Possibly consider using a shorter maxLifetime value.
2022-09-10 22:36:48.457 WARN  com.zaxxer.hikari.pool.PoolBase                   :184  [32m                  [0;39m HikariPool-1 - Failed to validate connection com.mysql.cj.jdbc.ConnectionImpl@75c4c2da (No operations allowed after connection closed.). Possibly consider using a shorter maxLifetime value.
2022-09-10 22:36:51.162 WARN  com.zaxxer.hikari.pool.PoolBase                   :184  [32m                  [0;39m HikariPool-1 - Failed to validate connection com.mysql.cj.jdbc.ConnectionImpl@485de1ae (No operations allowed after connection closed.). Possibly consider using a shorter maxLifetime value.
2022-09-10 22:36:53.460 WARN  com.zaxxer.hikari.pool.PoolBase                   :184  [32m                  [0;39m HikariPool-1 - Failed to validate connection com.mysql.cj.jdbc.ConnectionImpl@37ad5a7e (No operations allowed after connection closed.). Possibly consider using a shorter maxLifetime value.
2022-09-10 22:36:56.165 WARN  com.zaxxer.hikari.pool.PoolBase                   :184  [32m                  [0;39m HikariPool-1 - Failed to validate connection com.mysql.cj.jdbc.ConnectionImpl@6def845b (No operations allowed after connection closed.). Possibly consider using a shorter maxLifetime value.
2022-09-10 22:36:58.462 WARN  com.zaxxer.hikari.pool.PoolBase                   :184  [32m                  [0;39m HikariPool-1 - Failed to validate connection com.mysql.cj.jdbc.ConnectionImpl@27fc431b (No operations allowed after connection closed.). Possibly consider using a shorter maxLifetime value.
2022-09-10 22:36:59.205 WARN  com.zaxxer.hikari.pool.PoolBase                   :184  [32m                  [0;39m HikariPool-1 - Failed to validate connection com.mysql.cj.jdbc.ConnectionImpl@30670225 (No operations allowed after connection closed.). Possibly consider using a shorter maxLifetime value.
2022-09-10 22:37:01.167 WARN  com.zaxxer.hikari.pool.PoolBase                   :184  [32m                  [0;39m HikariPool-1 - Failed to validate connection com.mysql.cj.jdbc.ConnectionImpl@78cad726 (No operations allowed after connection closed.). Possibly consider using a shorter maxLifetime value.
2022-09-10 22:37:03.465 WARN  com.zaxxer.hikari.pool.PoolBase                   :184  [32m                  [0;39m HikariPool-1 - Failed to validate connection com.mysql.cj.jdbc.ConnectionImpl@3dc10f16 (No operations allowed after connection closed.). Possibly consider using a shorter maxLifetime value.
2022-09-10 22:37:04.205 WARN  com.zaxxer.hikari.pool.PoolBase                   :184  [32m                  [0;39m HikariPool-1 - Failed to validate connection com.mysql.cj.jdbc.ConnectionImpl@345890f1 (No operations allowed after connection closed.). Possibly consider using a shorter maxLifetime value.
2022-09-10 22:41:48.787 INFO  com.zaxxer.hikari.HikariDataSource                :350  [32m                  [0;39m HikariPool-1 - Shutdown initiated...
2022-09-10 22:41:48.793 INFO  com.zaxxer.hikari.HikariDataSource                :352  [32m                  [0;39m HikariPool-1 - Shutdown completed.
2022-09-10 22:41:52.833 INFO  com.hosea.wiki.WikiApplication                    :55   [32m                  [0;39m Starting WikiApplication using Java 1.8.0_231 on DESKTOP-UFTGTM0 with PID 23300 (E:\javaProject\wiki\wiki\target\classes started by heliu in E:\javaProject\wiki\wiki)
2022-09-10 22:41:52.834 INFO  com.hosea.wiki.WikiApplication                    :634  [32m                  [0;39m No active profile set, falling back to 1 default profile: "default"
2022-09-10 22:41:52.867 INFO  o.s.b.d.env.DevToolsPropertyDefaultsPostProcessor :255  [32m                  [0;39m Devtools property defaults active! Set 'spring.devtools.add-properties' to 'false' to disable
2022-09-10 22:41:52.868 INFO  o.s.b.d.env.DevToolsPropertyDefaultsPostProcessor :255  [32m                  [0;39m For additional web related logging consider setting the 'logging.level.web' property to 'DEBUG'
2022-09-10 22:41:53.572 INFO  o.s.boot.web.embedded.tomcat.TomcatWebServer      :108  [32m                  [0;39m Tomcat initialized with port(s): 8801 (http)
2022-09-10 22:41:53.573 INFO  org.apache.catalina.core.AprLifecycleListener     :173  [32m                  [0;39m An older version [1.2.23] of the Apache Tomcat Native library is installed, while Tomcat recommends a minimum version of [1.2.30]
2022-09-10 22:41:53.573 INFO  org.apache.catalina.core.AprLifecycleListener     :173  [32m                  [0;39m Loaded Apache Tomcat Native library [1.2.23] using APR version [1.7.0].
2022-09-10 22:41:53.573 INFO  org.apache.catalina.core.AprLifecycleListener     :173  [32m                  [0;39m APR capabilities: IPv6 [true], sendfile [true], accept filters [false], random [true], UDS [false].
2022-09-10 22:41:53.573 INFO  org.apache.catalina.core.AprLifecycleListener     :173  [32m                  [0;39m APR/OpenSSL configuration: useAprConnector [false], useOpenSSL [true]
2022-09-10 22:41:53.576 INFO  org.apache.catalina.core.AprLifecycleListener     :173  [32m                  [0;39m OpenSSL successfully initialized [OpenSSL 1.1.1c  28 May 2019]
2022-09-10 22:41:53.581 INFO  org.apache.coyote.http11.Http11NioProtocol        :173  [32m                  [0;39m Initializing ProtocolHandler ["http-nio-8801"]
2022-09-10 22:41:53.581 INFO  org.apache.catalina.core.StandardService          :173  [32m                  [0;39m Starting service [Tomcat]
2022-09-10 22:41:53.582 INFO  org.apache.catalina.core.StandardEngine           :173  [32m                  [0;39m Starting Servlet engine: [Apache Tomcat/9.0.65]
2022-09-10 22:41:53.667 INFO  o.a.c.core.ContainerBase.[Tomcat].[localhost].[/] :173  [32m                  [0;39m Initializing Spring embedded WebApplicationContext
2022-09-10 22:41:53.667 INFO  o.s.b.w.s.c.ServletWebServerApplicationContext    :292  [32m                  [0;39m Root WebApplicationContext: initialization completed in 799 ms
2022-09-10 22:41:54.228 INFO  o.s.b.d.autoconfigure.OptionalLiveReloadServer    :59   [32m                  [0;39m LiveReload server is running on port 35729
2022-09-10 22:41:54.241 INFO  org.apache.coyote.http11.Http11NioProtocol        :173  [32m                  [0;39m Starting ProtocolHandler ["http-nio-8801"]
2022-09-10 22:41:54.254 INFO  o.s.boot.web.embedded.tomcat.TomcatWebServer      :220  [32m                  [0;39m Tomcat started on port(s): 8801 (http) with context path ''
2022-09-10 22:41:54.261 INFO  com.hosea.wiki.WikiApplication                    :61   [32m                  [0;39m Started WikiApplication in 1.716 seconds (JVM running for 2.695)
2022-09-10 22:41:54.263 INFO  com.hosea.wiki.WikiApplication                    :20   [32m                  [0;39m 启动成功
2022-09-10 22:41:54.264 INFO  com.hosea.wiki.WikiApplication                    :21   [32m                  [0;39m 地址:	http://127.0.0.1:8801
2022-09-10 22:41:57.456 INFO  o.a.c.core.ContainerBase.[Tomcat].[localhost].[/] :173  [32m                  [0;39m Initializing Spring DispatcherServlet 'dispatcherServlet'
2022-09-10 22:41:57.457 INFO  org.springframework.web.servlet.DispatcherServlet :525  [32m                  [0;39m Initializing Servlet 'dispatcherServlet'
2022-09-10 22:41:57.457 INFO  org.springframework.web.servlet.DispatcherServlet :547  [32m                  [0;39m Completed initialization in 0 ms
2022-09-10 22:41:57.493 INFO  com.zaxxer.hikari.HikariDataSource                :110  [32m                  [0;39m HikariPool-1 - Starting...
2022-09-10 22:41:58.603 INFO  com.zaxxer.hikari.HikariDataSource                :123  [32m                  [0;39m HikariPool-1 - Start completed.
2022-09-10 22:43:06.621 INFO  com.zaxxer.hikari.HikariDataSource                :350  [32m                  [0;39m HikariPool-1 - Shutdown initiated...
2022-09-10 22:43:06.628 INFO  com.zaxxer.hikari.HikariDataSource                :352  [32m                  [0;39m HikariPool-1 - Shutdown completed.
2022-09-10 22:43:10.889 INFO  com.hosea.wiki.WikiApplication                    :55   [32m                  [0;39m Starting WikiApplication using Java 1.8.0_231 on DESKTOP-UFTGTM0 with PID 23512 (E:\javaProject\wiki\wiki\target\classes started by heliu in E:\javaProject\wiki\wiki)
2022-09-10 22:43:10.890 INFO  com.hosea.wiki.WikiApplication                    :634  [32m                  [0;39m No active profile set, falling back to 1 default profile: "default"
2022-09-10 22:43:10.921 INFO  o.s.b.d.env.DevToolsPropertyDefaultsPostProcessor :255  [32m                  [0;39m Devtools property defaults active! Set 'spring.devtools.add-properties' to 'false' to disable
2022-09-10 22:43:10.921 INFO  o.s.b.d.env.DevToolsPropertyDefaultsPostProcessor :255  [32m                  [0;39m For additional web related logging consider setting the 'logging.level.web' property to 'DEBUG'
2022-09-10 22:43:11.608 INFO  o.s.boot.web.embedded.tomcat.TomcatWebServer      :108  [32m                  [0;39m Tomcat initialized with port(s): 8801 (http)
2022-09-10 22:43:11.608 INFO  org.apache.catalina.core.AprLifecycleListener     :173  [32m                  [0;39m An older version [1.2.23] of the Apache Tomcat Native library is installed, while Tomcat recommends a minimum version of [1.2.30]
2022-09-10 22:43:11.608 INFO  org.apache.catalina.core.AprLifecycleListener     :173  [32m                  [0;39m Loaded Apache Tomcat Native library [1.2.23] using APR version [1.7.0].
2022-09-10 22:43:11.609 INFO  org.apache.catalina.core.AprLifecycleListener     :173  [32m                  [0;39m APR capabilities: IPv6 [true], sendfile [true], accept filters [false], random [true], UDS [false].
2022-09-10 22:43:11.609 INFO  org.apache.catalina.core.AprLifecycleListener     :173  [32m                  [0;39m APR/OpenSSL configuration: useAprConnector [false], useOpenSSL [true]
2022-09-10 22:43:11.611 INFO  org.apache.catalina.core.AprLifecycleListener     :173  [32m                  [0;39m OpenSSL successfully initialized [OpenSSL 1.1.1c  28 May 2019]
2022-09-10 22:43:11.615 INFO  org.apache.coyote.http11.Http11NioProtocol        :173  [32m                  [0;39m Initializing ProtocolHandler ["http-nio-8801"]
2022-09-10 22:43:11.616 INFO  org.apache.catalina.core.StandardService          :173  [32m                  [0;39m Starting service [Tomcat]
2022-09-10 22:43:11.616 INFO  org.apache.catalina.core.StandardEngine           :173  [32m                  [0;39m Starting Servlet engine: [Apache Tomcat/9.0.65]
2022-09-10 22:43:11.702 INFO  o.a.c.core.ContainerBase.[Tomcat].[localhost].[/] :173  [32m                  [0;39m Initializing Spring embedded WebApplicationContext
2022-09-10 22:43:11.702 INFO  o.s.b.w.s.c.ServletWebServerApplicationContext    :292  [32m                  [0;39m Root WebApplicationContext: initialization completed in 780 ms
2022-09-10 22:43:12.135 INFO  o.s.b.d.autoconfigure.OptionalLiveReloadServer    :59   [32m                  [0;39m LiveReload server is running on port 35729
2022-09-10 22:43:12.145 INFO  org.apache.coyote.http11.Http11NioProtocol        :173  [32m                  [0;39m Starting ProtocolHandler ["http-nio-8801"]
2022-09-10 22:43:12.155 INFO  o.s.boot.web.embedded.tomcat.TomcatWebServer      :220  [32m                  [0;39m Tomcat started on port(s): 8801 (http) with context path ''
2022-09-10 22:43:12.163 INFO  com.hosea.wiki.WikiApplication                    :61   [32m                  [0;39m Started WikiApplication in 1.556 seconds (JVM running for 2.547)
2022-09-10 22:43:12.165 INFO  com.hosea.wiki.WikiApplication                    :20   [32m                  [0;39m 启动成功
2022-09-10 22:43:12.165 INFO  com.hosea.wiki.WikiApplication                    :21   [32m                  [0;39m 地址:	http://127.0.0.1:8801
2022-09-10 22:43:14.711 INFO  o.a.c.core.ContainerBase.[Tomcat].[localhost].[/] :173  [32m                  [0;39m Initializing Spring DispatcherServlet 'dispatcherServlet'
2022-09-10 22:43:14.712 INFO  org.springframework.web.servlet.DispatcherServlet :525  [32m                  [0;39m Initializing Servlet 'dispatcherServlet'
2022-09-10 22:43:14.712 INFO  org.springframework.web.servlet.DispatcherServlet :547  [32m                  [0;39m Completed initialization in 0 ms
2022-09-10 22:43:14.751 INFO  com.zaxxer.hikari.HikariDataSource                :110  [32m                  [0;39m HikariPool-1 - Starting...
2022-09-10 22:43:15.869 INFO  com.zaxxer.hikari.HikariDataSource                :123  [32m                  [0;39m HikariPool-1 - Start completed.
2022-09-10 22:44:15.940 INFO  o.s.b.d.a.LocalDevToolsAutoConfiguration$RestartingClassPathChangeChangedEventListener:213  [32m                  [0;39m Restarting due to 1 class path change (0 additions, 1 deletion, 0 modifications)
2022-09-10 22:44:16.315 INFO  org.apache.coyote.http11.Http11NioProtocol        :173  [32m                  [0;39m Pausing ProtocolHandler ["http-nio-8801"]
2022-09-10 22:44:16.315 INFO  org.apache.catalina.core.StandardService          :173  [32m                  [0;39m Stopping service [Tomcat]
2022-09-10 22:44:16.316 INFO  o.a.c.core.ContainerBase.[Tomcat].[localhost].[/] :173  [32m                  [0;39m Destroying Spring FrameworkServlet 'dispatcherServlet'
2022-09-10 22:44:16.320 WARN  org.apache.catalina.loader.WebappClassLoaderBase  :173  [32m                  [0;39m The web application [ROOT] appears to have started a thread named [HikariPool-1 housekeeper] but has failed to stop it. This is very likely to create a memory leak. Stack trace of thread:
 sun.misc.Unsafe.park(Native Method)
 java.util.concurrent.locks.LockSupport.parkNanos(LockSupport.java:215)
 java.util.concurrent.locks.AbstractQueuedSynchronizer$ConditionObject.awaitNanos(AbstractQueuedSynchronizer.java:2078)
 java.util.concurrent.ScheduledThreadPoolExecutor$DelayedWorkQueue.take(ScheduledThreadPoolExecutor.java:1093)
 java.util.concurrent.ScheduledThreadPoolExecutor$DelayedWorkQueue.take(ScheduledThreadPoolExecutor.java:809)
 java.util.concurrent.ThreadPoolExecutor.getTask(ThreadPoolExecutor.java:1074)
 java.util.concurrent.ThreadPoolExecutor.runWorker(ThreadPoolExecutor.java:1134)
 java.util.concurrent.ThreadPoolExecutor$Worker.run(ThreadPoolExecutor.java:624)
 java.lang.Thread.run(Thread.java:748)
2022-09-10 22:44:16.320 INFO  org.apache.coyote.http11.Http11NioProtocol        :173  [32m                  [0;39m Stopping ProtocolHandler ["http-nio-8801"]
2022-09-10 22:44:16.322 INFO  org.apache.coyote.http11.Http11NioProtocol        :173  [32m                  [0;39m Destroying ProtocolHandler ["http-nio-8801"]
2022-09-10 22:44:16.324 INFO  com.zaxxer.hikari.HikariDataSource                :350  [32m                  [0;39m HikariPool-1 - Shutdown initiated...
2022-09-10 22:44:16.331 INFO  com.zaxxer.hikari.HikariDataSource                :352  [32m                  [0;39m HikariPool-1 - Shutdown completed.
2022-09-10 22:44:16.472 INFO  com.hosea.wiki.WikiApplication                    :55   [32m                  [0;39m Starting WikiApplication using Java 1.8.0_231 on DESKTOP-UFTGTM0 with PID 23512 (E:\javaProject\wiki\wiki\target\classes started by heliu in E:\javaProject\wiki\wiki)
2022-09-10 22:44:16.472 INFO  com.hosea.wiki.WikiApplication                    :634  [32m                  [0;39m No active profile set, falling back to 1 default profile: "default"
2022-09-10 22:44:16.690 INFO  o.s.boot.web.embedded.tomcat.TomcatWebServer      :108  [32m                  [0;39m Tomcat initialized with port(s): 8801 (http)
2022-09-10 22:44:16.691 INFO  org.apache.catalina.core.AprLifecycleListener     :173  [32m                  [0;39m An older version [1.2.23] of the Apache Tomcat Native library is installed, while Tomcat recommends a minimum version of [1.2.30]
2022-09-10 22:44:16.691 INFO  org.apache.catalina.core.AprLifecycleListener     :173  [32m                  [0;39m Loaded Apache Tomcat Native library [1.2.23] using APR version [1.7.0].
2022-09-10 22:44:16.691 INFO  org.apache.catalina.core.AprLifecycleListener     :173  [32m                  [0;39m APR capabilities: IPv6 [true], sendfile [true], accept filters [false], random [true], UDS [false].
2022-09-10 22:44:16.691 INFO  org.apache.catalina.core.AprLifecycleListener     :173  [32m                  [0;39m APR/OpenSSL configuration: useAprConnector [false], useOpenSSL [true]
2022-09-10 22:44:16.691 INFO  org.apache.catalina.core.AprLifecycleListener     :173  [32m                  [0;39m OpenSSL successfully initialized [OpenSSL 1.1.1c  28 May 2019]
2022-09-10 22:44:16.692 INFO  org.apache.coyote.http11.Http11NioProtocol        :173  [32m                  [0;39m Initializing ProtocolHandler ["http-nio-8801"]
2022-09-10 22:44:16.692 INFO  org.apache.catalina.core.StandardService          :173  [32m                  [0;39m Starting service [Tomcat]
2022-09-10 22:44:16.692 INFO  org.apache.catalina.core.StandardEngine           :173  [32m                  [0;39m Starting Servlet engine: [Apache Tomcat/9.0.65]
2022-09-10 22:44:16.718 INFO  o.a.c.core.ContainerBase.[Tomcat].[localhost].[/] :173  [32m                  [0;39m Initializing Spring embedded WebApplicationContext
2022-09-10 22:44:16.719 INFO  o.s.b.w.s.c.ServletWebServerApplicationContext    :292  [32m                  [0;39m Root WebApplicationContext: initialization completed in 245 ms
2022-09-10 22:44:16.815 INFO  o.s.b.d.autoconfigure.OptionalLiveReloadServer    :59   [32m                  [0;39m LiveReload server is running on port 35729
2022-09-10 22:44:16.821 INFO  org.apache.coyote.http11.Http11NioProtocol        :173  [32m                  [0;39m Starting ProtocolHandler ["http-nio-8801"]
2022-09-10 22:44:16.822 INFO  o.s.boot.web.embedded.tomcat.TomcatWebServer      :220  [32m                  [0;39m Tomcat started on port(s): 8801 (http) with context path ''
2022-09-10 22:44:16.825 INFO  com.hosea.wiki.WikiApplication                    :61   [32m                  [0;39m Started WikiApplication in 0.382 seconds (JVM running for 67.209)
2022-09-10 22:44:16.828 INFO  o.s.b.d.a.ConditionEvaluationDeltaLoggingListener :63   [32m                  [0;39m Condition evaluation unchanged
2022-09-10 22:44:16.828 INFO  com.hosea.wiki.WikiApplication                    :20   [32m                  [0;39m 启动成功
2022-09-10 22:44:16.828 INFO  com.hosea.wiki.WikiApplication                    :21   [32m                  [0;39m 地址:	http://127.0.0.1:8801
2022-09-10 22:44:18.227 INFO  o.s.b.d.a.LocalDevToolsAutoConfiguration$RestartingClassPathChangeChangedEventListener:213  [32m                  [0;39m Restarting due to 1 class path change (1 addition, 0 deletions, 0 modifications)
2022-09-10 22:44:18.535 INFO  org.apache.coyote.http11.Http11NioProtocol        :173  [32m                  [0;39m Pausing ProtocolHandler ["http-nio-8801"]
2022-09-10 22:44:18.535 INFO  org.apache.catalina.core.StandardService          :173  [32m                  [0;39m Stopping service [Tomcat]
2022-09-10 22:44:18.537 INFO  org.apache.coyote.http11.Http11NioProtocol        :173  [32m                  [0;39m Stopping ProtocolHandler ["http-nio-8801"]
2022-09-10 22:44:18.539 INFO  org.apache.coyote.http11.Http11NioProtocol        :173  [32m                  [0;39m Destroying ProtocolHandler ["http-nio-8801"]
2022-09-10 22:44:18.661 INFO  com.hosea.wiki.WikiApplication                    :55   [32m                  [0;39m Starting WikiApplication using Java 1.8.0_231 on DESKTOP-UFTGTM0 with PID 23512 (E:\javaProject\wiki\wiki\target\classes started by heliu in E:\javaProject\wiki\wiki)
2022-09-10 22:44:18.662 INFO  com.hosea.wiki.WikiApplication                    :634  [32m                  [0;39m No active profile set, falling back to 1 default profile: "default"
2022-09-10 22:44:18.796 INFO  o.s.boot.web.embedded.tomcat.TomcatWebServer      :108  [32m                  [0;39m Tomcat initialized with port(s): 8801 (http)
2022-09-10 22:44:18.796 INFO  org.apache.catalina.core.AprLifecycleListener     :173  [32m                  [0;39m An older version [1.2.23] of the Apache Tomcat Native library is installed, while Tomcat recommends a minimum version of [1.2.30]
2022-09-10 22:44:18.796 INFO  org.apache.catalina.core.AprLifecycleListener     :173  [32m                  [0;39m Loaded Apache Tomcat Native library [1.2.23] using APR version [1.7.0].
2022-09-10 22:44:18.796 INFO  org.apache.catalina.core.AprLifecycleListener     :173  [32m                  [0;39m APR capabilities: IPv6 [true], sendfile [true], accept filters [false], random [true], UDS [false].
2022-09-10 22:44:18.797 INFO  org.apache.catalina.core.AprLifecycleListener     :173  [32m                  [0;39m APR/OpenSSL configuration: useAprConnector [false], useOpenSSL [true]
2022-09-10 22:44:18.797 INFO  org.apache.catalina.core.AprLifecycleListener     :173  [32m                  [0;39m OpenSSL successfully initialized [OpenSSL 1.1.1c  28 May 2019]
2022-09-10 22:44:18.797 INFO  org.apache.coyote.http11.Http11NioProtocol        :173  [32m                  [0;39m Initializing ProtocolHandler ["http-nio-8801"]
2022-09-10 22:44:18.797 INFO  org.apache.catalina.core.StandardService          :173  [32m                  [0;39m Starting service [Tomcat]
2022-09-10 22:44:18.797 INFO  org.apache.catalina.core.StandardEngine           :173  [32m                  [0;39m Starting Servlet engine: [Apache Tomcat/9.0.65]
2022-09-10 22:44:18.827 INFO  o.a.c.core.ContainerBase.[Tomcat].[localhost].[/] :173  [32m                  [0;39m Initializing Spring embedded WebApplicationContext
2022-09-10 22:44:18.827 INFO  o.s.b.w.s.c.ServletWebServerApplicationContext    :292  [32m                  [0;39m Root WebApplicationContext: initialization completed in 164 ms
2022-09-10 22:44:18.909 INFO  o.s.b.d.autoconfigure.OptionalLiveReloadServer    :59   [32m                  [0;39m LiveReload server is running on port 35729
2022-09-10 22:44:18.914 INFO  org.apache.coyote.http11.Http11NioProtocol        :173  [32m                  [0;39m Starting ProtocolHandler ["http-nio-8801"]
2022-09-10 22:44:18.915 INFO  o.s.boot.web.embedded.tomcat.TomcatWebServer      :220  [32m                  [0;39m Tomcat started on port(s): 8801 (http) with context path ''
2022-09-10 22:44:18.918 INFO  com.hosea.wiki.WikiApplication                    :61   [32m                  [0;39m Started WikiApplication in 0.279 seconds (JVM running for 69.301)
2022-09-10 22:44:18.918 INFO  o.s.b.d.a.ConditionEvaluationDeltaLoggingListener :63   [32m                  [0;39m Condition evaluation unchanged
2022-09-10 22:44:18.919 INFO  com.hosea.wiki.WikiApplication                    :20   [32m                  [0;39m 启动成功
2022-09-10 22:44:18.919 INFO  com.hosea.wiki.WikiApplication                    :21   [32m                  [0;39m 地址:	http://127.0.0.1:8801
2022-09-10 22:44:27.594 INFO  o.a.c.core.ContainerBase.[Tomcat].[localhost].[/] :173  [32m                  [0;39m Initializing Spring DispatcherServlet 'dispatcherServlet'
2022-09-10 22:44:27.595 INFO  org.springframework.web.servlet.DispatcherServlet :525  [32m                  [0;39m Initializing Servlet 'dispatcherServlet'
2022-09-10 22:44:27.596 INFO  org.springframework.web.servlet.DispatcherServlet :547  [32m                  [0;39m Completed initialization in 1 ms
2022-09-10 22:44:27.600 INFO  com.zaxxer.hikari.HikariDataSource                :110  [32m                  [0;39m HikariPool-2 - Starting...
2022-09-10 22:44:28.206 INFO  com.zaxxer.hikari.HikariDataSource                :123  [32m                  [0;39m HikariPool-2 - Start completed.
